This file contains any messages produced by compilers while
running configure, to aid debugging if configure makes a mistake.

It was created by configure, which was
generated by GNU Autoconf 2.63.  Invocation command line was

  $ ./configure --prefix=/usr --datadir=${prefix}/share --mandir=${prefix}/share/man --infodir=${prefix}/share/info --host=x86_64-linux-gnu --build=x86_64-linux-gnu

## --------- ##
## Platform. ##
## --------- ##

hostname = skynet
uname -m = x86_64
uname -r = 3.7.7
uname -s = Linux
uname -v = #11 SMP Tue Feb 12 18:56:41 EST 2013

/usr/bin/uname -p = unknown
/bin/uname -X     = unknown

/bin/arch              = unknown
/usr/bin/arch -k       = unknown
/usr/convex/getsysinfo = unknown
/usr/bin/hostinfo      = unknown
/bin/machine           = unknown
/usr/bin/oslevel       = unknown
/bin/universe          = unknown

PATH: /usr/sbin
PATH: /usr/bin
PATH: /sbin
PATH: /bin
PATH: /usr/bin/X11


## ----------- ##
## Core tests. ##
## ----------- ##

configure:1888: checking for a BSD-compatible install
configure:1956: result: /usr/bin/install -c
configure:1967: checking whether build environment is sane
configure:2010: result: yes
configure:2035: checking for a thread-safe mkdir -p
configure:2074: result: /bin/mkdir -p
configure:2087: checking for gawk
configure:2103: found /usr/bin/gawk
configure:2114: result: gawk
configure:2125: checking whether make sets $(MAKE)
configure:2147: result: yes
configure:2339: checking for x86_64-linux-gnu-gcc
configure:2355: found /usr/bin/x86_64-linux-gnu-gcc
configure:2366: result: x86_64-linux-gnu-gcc
configure:2638: checking for C compiler version
configure:2646: x86_64-linux-gnu-gcc --version >&5
gcc-4.7.real (SprezzOS 4.7.2-SprezzOS1) 4.7.2
Copyright (C) 2012 Free Software Foundation, Inc.
This is free software; see the source for copying conditions.  There is NO
warranty; not even for MERCHANTABILITY or FITNESS FOR A PARTICULAR PURPOSE.

configure:2650: $? = 0
configure:2657: x86_64-linux-gnu-gcc -v >&5
Using built-in specs.
COLLECT_GCC=/usr/bin/gcc-4.7.real
COLLECT_LTO_WRAPPER=/usr/lib/gcc/x86_64-linux-gnu/4.7/lto-wrapper
Target: x86_64-linux-gnu
Configured with: ../src/configure -v --with-pkgversion='SprezzOS 4.7.2-SprezzOS1' --with-bugurl=file:///usr/share/doc/gcc-4.7/README.Bugs --enable-languages=c,c++,go,fortran,objc,obj-c++ --prefix=/usr --program-suffix=-4.7 --enable-shared --enable-linker-build-id --with-system-zlib --libexecdir=/usr/lib --without-included-gettext --enable-threads=posix --with-gxx-include-dir=/usr/include/c++/4.7 --libdir=/usr/lib --enable-nls --with-sysroot=/ --enable-clocale=gnu --enable-libstdcxx-debug --enable-libstdcxx-time=yes --enable-gnu-unique-object --enable-plugin --enable-objc-gc --with-arch-32=i586 --with-tune=generic --enable-checking=release --build=x86_64-linux-gnu --host=x86_64-linux-gnu --target=x86_64-linux-gnu
Thread model: posix
gcc version 4.7.2 (SprezzOS 4.7.2-SprezzOS1) 
configure:2661: $? = 0
configure:2668: x86_64-linux-gnu-gcc -V >&5
gcc-4.7.real: error: unrecognized command line option '-V'
gcc-4.7.real: fatal error: no input files
compilation terminated.
configure:2672: $? = 4
configure:2695: checking for C compiler default output file name
configure:2717: x86_64-linux-gnu-gcc    conftest.c  >&5
configure:2721: $? = 0
configure:2759: result: a.out
configure:2778: checking whether the C compiler works
configure:2788: ./a.out
configure:2792: $? = 0
configure:2811: result: yes
configure:2818: checking whether we are cross compiling
configure:2820: result: no
configure:2823: checking for suffix of executables
configure:2830: x86_64-linux-gnu-gcc -o conftest    conftest.c  >&5
configure:2834: $? = 0
configure:2860: result: 
configure:2866: checking for suffix of object files
configure:2892: x86_64-linux-gnu-gcc -c   conftest.c >&5
configure:2896: $? = 0
configure:2921: result: o
configure:2925: checking whether we are using the GNU C compiler
configure:2954: x86_64-linux-gnu-gcc -c   conftest.c >&5
configure:2961: $? = 0
configure:2978: result: yes
configure:2987: checking whether x86_64-linux-gnu-gcc accepts -g
configure:3017: x86_64-linux-gnu-gcc -c -g  conftest.c >&5
configure:3024: $? = 0
configure:3125: result: yes
configure:3142: checking for x86_64-linux-gnu-gcc option to accept ISO C89
configure:3216: x86_64-linux-gnu-gcc  -c -g -O2  conftest.c >&5
configure:3223: $? = 0
configure:3246: result: none needed
configure:3275: checking for style of include used by make
configure:3303: result: GNU
configure:3328: checking dependency style of x86_64-linux-gnu-gcc
configure:3419: result: none
configure:3448: checking for a BSD-compatible install
configure:3516: result: /usr/bin/install -c
configure:3527: checking whether make sets $(MAKE)
configure:3549: result: yes
configure:3558: checking for a thread-safe mkdir -p
configure:3597: result: /bin/mkdir -p
configure:3606: checking how to run the C preprocessor
configure:3646: x86_64-linux-gnu-gcc -E  conftest.c
configure:3653: $? = 0
configure:3684: x86_64-linux-gnu-gcc -E  conftest.c
conftest.c:10:28: fatal error: ac_nonexistent.h: No such file or directory
compilation terminated.
configure:3691: $? = 1
configure: failed program was:
| /* confdefs.h.  */
| #define PACKAGE_NAME ""
| #define PACKAGE_TARNAME ""
| #define PACKAGE_VERSION ""
| #define PACKAGE_STRING ""
| #define PACKAGE_BUGREPORT ""
| #define PACKAGE "electricsheep"
| #define VERSION "2.7b12"
| /* end confdefs.h.  */
| #include <ac_nonexistent.h>
configure:3724: result: x86_64-linux-gnu-gcc -E
configure:3753: x86_64-linux-gnu-gcc -E  conftest.c
configure:3760: $? = 0
configure:3791: x86_64-linux-gnu-gcc -E  conftest.c
conftest.c:10:28: fatal error: ac_nonexistent.h: No such file or directory
compilation terminated.
configure:3798: $? = 1
configure: failed program was:
| /* confdefs.h.  */
| #define PACKAGE_NAME ""
| #define PACKAGE_TARNAME ""
| #define PACKAGE_VERSION ""
| #define PACKAGE_STRING ""
| #define PACKAGE_BUGREPORT ""
| #define PACKAGE "electricsheep"
| #define VERSION "2.7b12"
| /* end confdefs.h.  */
| #include <ac_nonexistent.h>
configure:3838: checking for grep that handles long lines and -e
configure:3898: result: /bin/grep
configure:3903: checking for egrep
configure:3967: result: /bin/grep -E
configure:3972: checking for ANSI C header files
configure:4002: x86_64-linux-gnu-gcc -c -g -O2  conftest.c >&5
configure:4009: $? = 0
configure:4108: x86_64-linux-gnu-gcc -o conftest -g -O2   conftest.c  >&5
configure:4112: $? = 0
configure:4118: ./conftest
configure:4122: $? = 0
configure:4140: result: yes
configure:4150: checking for X
configure:4321: x86_64-linux-gnu-gcc -o conftest -g -O2   conftest.c -lX11  >&5
configure:4328: $? = 0
configure:4390: result: libraries , headers 
configure:4559: x86_64-linux-gnu-gcc -o conftest -g -O2   conftest.c   -lX11 >&5
configure:4566: $? = 0
configure:4734: checking for gethostbyname
configure:4790: x86_64-linux-gnu-gcc -o conftest -g -O2   conftest.c  >&5
configure:4797: $? = 0
configure:4817: result: yes
configure:4970: checking for connect
configure:5026: x86_64-linux-gnu-gcc -o conftest -g -O2   conftest.c  >&5
configure:5033: $? = 0
configure:5053: result: yes
configure:5129: checking for remove
configure:5185: x86_64-linux-gnu-gcc -o conftest -g -O2   conftest.c  >&5
configure:5192: $? = 0
configure:5212: result: yes
configure:5288: checking for shmat
configure:5344: x86_64-linux-gnu-gcc -o conftest -g -O2   conftest.c  >&5
configure:5351: $? = 0
configure:5371: result: yes
configure:5456: checking for IceConnectionNumber in -lICE
configure:5491: x86_64-linux-gnu-gcc -o conftest -g -O2   conftest.c -lICE   >&5
configure:5498: $? = 0
configure:5519: result: yes
configure:5529: checking for an ANSI C-conforming const
configure:5604: x86_64-linux-gnu-gcc -c -g -O2  conftest.c >&5
configure:5611: $? = 0
configure:5626: result: yes
configure:5650: checking for sys/types.h
configure:5671: x86_64-linux-gnu-gcc -c -g -O2  conftest.c >&5
configure:5678: $? = 0
configure:5695: result: yes
configure:5650: checking for sys/stat.h
configure:5671: x86_64-linux-gnu-gcc -c -g -O2  conftest.c >&5
configure:5678: $? = 0
configure:5695: result: yes
configure:5650: checking for stdlib.h
configure:5671: x86_64-linux-gnu-gcc -c -g -O2  conftest.c >&5
configure:5678: $? = 0
configure:5695: result: yes
configure:5650: checking for string.h
configure:5671: x86_64-linux-gnu-gcc -c -g -O2  conftest.c >&5
configure:5678: $? = 0
configure:5695: result: yes
configure:5650: checking for memory.h
configure:5671: x86_64-linux-gnu-gcc -c -g -O2  conftest.c >&5
configure:5678: $? = 0
configure:5695: result: yes
configure:5650: checking for strings.h
configure:5671: x86_64-linux-gnu-gcc -c -g -O2  conftest.c >&5
configure:5678: $? = 0
configure:5695: result: yes
configure:5650: checking for inttypes.h
configure:5671: x86_64-linux-gnu-gcc -c -g -O2  conftest.c >&5
configure:5678: $? = 0
configure:5695: result: yes
configure:5650: checking for stdint.h
configure:5671: x86_64-linux-gnu-gcc -c -g -O2  conftest.c >&5
configure:5678: $? = 0
configure:5695: result: yes
configure:5650: checking for unistd.h
configure:5671: x86_64-linux-gnu-gcc -c -g -O2  conftest.c >&5
configure:5678: $? = 0
configure:5695: result: yes
configure:5709: checking for size_t
configure:5737: x86_64-linux-gnu-gcc -c -g -O2  conftest.c >&5
configure:5744: $? = 0
configure:5771: x86_64-linux-gnu-gcc -c -g -O2  conftest.c >&5
conftest.c: In function 'main':
conftest.c:56:21: error: expected expression before ')' token
configure:5778: $? = 1
configure: failed program was:
| /* confdefs.h.  */
| #define PACKAGE_NAME ""
| #define PACKAGE_TARNAME ""
| #define PACKAGE_VERSION ""
| #define PACKAGE_STRING ""
| #define PACKAGE_BUGREPORT ""
| #define PACKAGE "electricsheep"
| #define VERSION "2.7b12"
| #define STDC_HEADERS 1
| #define HAVE_SYS_TYPES_H 1
| #define HAVE_SYS_STAT_H 1
| #define HAVE_STDLIB_H 1
| #define HAVE_STRING_H 1
| #define HAVE_MEMORY_H 1
| #define HAVE_STRINGS_H 1
| #define HAVE_INTTYPES_H 1
| #define HAVE_STDINT_H 1
| #define HAVE_UNISTD_H 1
| /* end confdefs.h.  */
| #include <stdio.h>
| #ifdef HAVE_SYS_TYPES_H
| # include <sys/types.h>
| #endif
| #ifdef HAVE_SYS_STAT_H
| # include <sys/stat.h>
| #endif
| #ifdef STDC_HEADERS
| # include <stdlib.h>
| # include <stddef.h>
| #else
| # ifdef HAVE_STDLIB_H
| #  include <stdlib.h>
| # endif
| #endif
| #ifdef HAVE_STRING_H
| # if !defined STDC_HEADERS && defined HAVE_MEMORY_H
| #  include <memory.h>
| # endif
| # include <string.h>
| #endif
| #ifdef HAVE_STRINGS_H
| # include <strings.h>
| #endif
| #ifdef HAVE_INTTYPES_H
| # include <inttypes.h>
| #endif
| #ifdef HAVE_STDINT_H
| # include <stdint.h>
| #endif
| #ifdef HAVE_UNISTD_H
| # include <unistd.h>
| #endif
| int
| main ()
| {
| if (sizeof ((size_t)))
| 	  return 0;
|   ;
|   return 0;
| }
configure:5801: result: yes
configure:5813: checking whether time.h and sys/time.h may both be included
configure:5843: x86_64-linux-gnu-gcc -c -g -O2  conftest.c >&5
configure:5850: $? = 0
configure:5865: result: yes
configure:5893: checking sys/mount.h usability
configure:5910: x86_64-linux-gnu-gcc -c -g -O2  conftest.c >&5
configure:5917: $? = 0
configure:5931: result: yes
configure:5935: checking sys/mount.h presence
configure:5950: x86_64-linux-gnu-gcc -E  conftest.c
configure:5957: $? = 0
configure:5971: result: yes
configure:5999: checking for sys/mount.h
configure:6008: result: yes
configure:5893: checking sys/vfs.h usability
configure:5910: x86_64-linux-gnu-gcc -c -g -O2  conftest.c >&5
configure:5917: $? = 0
configure:5931: result: yes
configure:5935: checking sys/vfs.h presence
configure:5950: x86_64-linux-gnu-gcc -E  conftest.c
configure:5957: $? = 0
configure:5971: result: yes
configure:5999: checking for sys/vfs.h
configure:6008: result: yes
configure:5893: checking sys/statvfs.h usability
configure:5910: x86_64-linux-gnu-gcc -c -g -O2  conftest.c >&5
configure:5917: $? = 0
configure:5931: result: yes
configure:5935: checking sys/statvfs.h presence
configure:5950: x86_64-linux-gnu-gcc -E  conftest.c
configure:5957: $? = 0
configure:5971: result: yes
configure:5999: checking for sys/statvfs.h
configure:6008: result: yes
configure:6024: checking for XML_ParserCreate in -lexpat
configure:6059: x86_64-linux-gnu-gcc -o conftest -g -O2   conftest.c -lexpat   >&5
configure:6066: $? = 0
configure:6087: result: yes
configure:6102: checking whether setpgrp takes no argument
configure:6136: x86_64-linux-gnu-gcc -o conftest -g -O2   conftest.c -lexpat  >&5
conftest.c: In function 'main':
conftest.c:64:3: error: too many arguments to function 'setpgrp'
In file included from conftest.c:56:0:
/usr/include/unistd.h:672:12: note: declared here
configure:6140: $? = 1
configure: program exited with status 1
configure: failed program was:
| /* confdefs.h.  */
| #define PACKAGE_NAME ""
| #define PACKAGE_TARNAME ""
| #define PACKAGE_VERSION ""
| #define PACKAGE_STRING ""
| #define PACKAGE_BUGREPORT ""
| #define PACKAGE "electricsheep"
| #define VERSION "2.7b12"
| #define STDC_HEADERS 1
| #define HAVE_SYS_TYPES_H 1
| #define HAVE_SYS_STAT_H 1
| #define HAVE_STDLIB_H 1
| #define HAVE_STRING_H 1
| #define HAVE_MEMORY_H 1
| #define HAVE_STRINGS_H 1
| #define HAVE_INTTYPES_H 1
| #define HAVE_STDINT_H 1
| #define HAVE_UNISTD_H 1
| #define TIME_WITH_SYS_TIME 1
| #define HAVE_SYS_MOUNT_H 1
| #define HAVE_SYS_VFS_H 1
| #define HAVE_SYS_STATVFS_H 1
| #define HAVE_LIBEXPAT 1
| /* end confdefs.h.  */
| #include <stdio.h>
| #ifdef HAVE_SYS_TYPES_H
| # include <sys/types.h>
| #endif
| #ifdef HAVE_SYS_STAT_H
| # include <sys/stat.h>
| #endif
| #ifdef STDC_HEADERS
| # include <stdlib.h>
| # include <stddef.h>
| #else
| # ifdef HAVE_STDLIB_H
| #  include <stdlib.h>
| # endif
| #endif
| #ifdef HAVE_STRING_H
| # if !defined STDC_HEADERS && defined HAVE_MEMORY_H
| #  include <memory.h>
| # endif
| # include <string.h>
| #endif
| #ifdef HAVE_STRINGS_H
| # include <strings.h>
| #endif
| #ifdef HAVE_INTTYPES_H
| # include <inttypes.h>
| #endif
| #ifdef HAVE_STDINT_H
| # include <stdint.h>
| #endif
| #ifdef HAVE_UNISTD_H
| # include <unistd.h>
| #endif
| int
| main ()
| {
| /* If this system has a BSD-style setpgrp which takes arguments,
|   setpgrp(1, 1) will fail with ESRCH and return -1, in that case
|   exit successfully. */
|   return setpgrp (1,1) != -1;
|   ;
|   return 0;
| }
configure:6167: result: yes
configure:6181: checking for setproctitle
configure:6237: x86_64-linux-gnu-gcc -o conftest -g -O2   conftest.c -lexpat  >&5
/tmp/ccztGCnM.o: In function `main':
/media/build/world/electricsheep/conftest.c:60: undefined reference to `setproctitle'
collect2: error: ld returned 1 exit status
configure:6244: $? = 1
configure: failed program was:
| /* confdefs.h.  */
| #define PACKAGE_NAME ""
| #define PACKAGE_TARNAME ""
| #define PACKAGE_VERSION ""
| #define PACKAGE_STRING ""
| #define PACKAGE_BUGREPORT ""
| #define PACKAGE "electricsheep"
| #define VERSION "2.7b12"
| #define STDC_HEADERS 1
| #define HAVE_SYS_TYPES_H 1
| #define HAVE_SYS_STAT_H 1
| #define HAVE_STDLIB_H 1
| #define HAVE_STRING_H 1
| #define HAVE_MEMORY_H 1
| #define HAVE_STRINGS_H 1
| #define HAVE_INTTYPES_H 1
| #define HAVE_STDINT_H 1
| #define HAVE_UNISTD_H 1
| #define TIME_WITH_SYS_TIME 1
| #define HAVE_SYS_MOUNT_H 1
| #define HAVE_SYS_VFS_H 1
| #define HAVE_SYS_STATVFS_H 1
| #define HAVE_LIBEXPAT 1
| #define SETPGRP_VOID 1
| /* end confdefs.h.  */
| /* Define setproctitle to an innocuous variant, in case <limits.h> declares setproctitle.
|    For example, HP-UX 11i <limits.h> declares gettimeofday.  */
| #define setproctitle innocuous_setproctitle
| 
| /* System header to define __stub macros and hopefully few prototypes,
|     which can conflict with char setproctitle (); below.
|     Prefer <limits.h> to <assert.h> if __STDC__ is defined, since
|     <limits.h> exists even on freestanding compilers.  */
| 
| #ifdef __STDC__
| # include <limits.h>
| #else
| # include <assert.h>
| #endif
| 
| #undef setproctitle
| 
| /* Override any GCC internal prototype to avoid an error.
|    Use char because int might match the return type of a GCC
|    builtin and then its argument prototype would still apply.  */
| #ifdef __cplusplus
| extern "C"
| #endif
| char setproctitle ();
| /* The GNU C library defines this for functions which it implements
|     to always fail with ENOSYS.  Some functions are actually named
|     something starting with __ and the normal name is an alias.  */
| #if defined __stub_setproctitle || defined __stub___setproctitle
| choke me
| #endif
| 
| int
| main ()
| {
| return setproctitle ();
|   ;
|   return 0;
| }
configure:6266: result: no
configure:6288: checking for x86_64-linux-gnu-pkg-config
configure:6321: result: no
configure:6331: checking for pkg-config
configure:6349: found /usr/bin/pkg-config
configure:6361: result: /usr/bin/pkg-config
configure:6386: checking pkg-config is at least version 0.9.0
configure:6389: result: yes
configure:6400: checking for libglade
configure:6408: $PKG_CONFIG --exists --print-errors "libglade-2.0 >= 2.5.0 gtk+-2.0 >= 2.7.0"
configure:6411: $? = 0
configure:6426: $PKG_CONFIG --exists --print-errors "libglade-2.0 >= 2.5.0 gtk+-2.0 >= 2.7.0"
configure:6429: $? = 0
configure:6507: result: yes
configure:6641: creating ./config.status

## ---------------------- ##
## Running config.status. ##
## ---------------------- ##

This file was extended by config.status, which was
generated by GNU Autoconf 2.63.  Invocation command line was

  CONFIG_FILES    = 
  CONFIG_HEADERS  = 
  CONFIG_LINKS    = 
  CONFIG_COMMANDS = 
  $ ./config.status 

on skynet

config.status:792: creating Makefile
config.status:792: creating electricsheep.desktop
config.status:792: creating electricsheep.xml
config.status:792: creating electricsheep.spec
config.status:792: creating electricsheep.man
config.status:792: creating config.h
config.status:1066: executing depfiles commands

## ---------------- ##
## Cache variables. ##
## ---------------- ##

ac_cv_c_compiler_gnu=yes
ac_cv_c_const=yes
ac_cv_env_CC_set=
ac_cv_env_CC_value=
ac_cv_env_CFLAGS_set=
ac_cv_env_CFLAGS_value=
ac_cv_env_CPPFLAGS_set=
ac_cv_env_CPPFLAGS_value=
ac_cv_env_CPP_set=
ac_cv_env_CPP_value=
ac_cv_env_LDFLAGS_set=
ac_cv_env_LDFLAGS_value=
ac_cv_env_LIBS_set=
ac_cv_env_LIBS_value=
ac_cv_env_PKG_CONFIG_set=
ac_cv_env_PKG_CONFIG_value=
ac_cv_env_XMKMF_set=
ac_cv_env_XMKMF_value=
ac_cv_env_build_alias_set=set
ac_cv_env_build_alias_value=x86_64-linux-gnu
ac_cv_env_host_alias_set=set
ac_cv_env_host_alias_value=x86_64-linux-gnu
ac_cv_env_libglade_CFLAGS_set=
ac_cv_env_libglade_CFLAGS_value=
ac_cv_env_libglade_LIBS_set=
ac_cv_env_libglade_LIBS_value=
ac_cv_env_target_alias_set=
ac_cv_env_target_alias_value=
ac_cv_func_connect=yes
ac_cv_func_gethostbyname=yes
ac_cv_func_remove=yes
ac_cv_func_setpgrp_void=yes
ac_cv_func_setproctitle=no
ac_cv_func_shmat=yes
ac_cv_have_x='have_x=yes	ac_x_includes='\'''\''	ac_x_libraries='\'''\'''
ac_cv_header_inttypes_h=yes
ac_cv_header_memory_h=yes
ac_cv_header_stdc=yes
ac_cv_header_stdint_h=yes
ac_cv_header_stdlib_h=yes
ac_cv_header_string_h=yes
ac_cv_header_strings_h=yes
ac_cv_header_sys_mount_h=yes
ac_cv_header_sys_stat_h=yes
ac_cv_header_sys_statvfs_h=yes
ac_cv_header_sys_types_h=yes
ac_cv_header_sys_vfs_h=yes
ac_cv_header_time=yes
ac_cv_header_unistd_h=yes
ac_cv_lib_ICE_IceConnectionNumber=yes
ac_cv_lib_expat_XML_ParserCreate=yes
ac_cv_objext=o
ac_cv_path_EGREP='/bin/grep -E'
ac_cv_path_GREP=/bin/grep
ac_cv_path_ac_pt_PKG_CONFIG=/usr/bin/pkg-config
ac_cv_path_install='/usr/bin/install -c'
ac_cv_path_mkdir=/bin/mkdir
ac_cv_prog_AWK=gawk
ac_cv_prog_CC=x86_64-linux-gnu-gcc
ac_cv_prog_CPP='x86_64-linux-gnu-gcc -E'
ac_cv_prog_cc_c89=
ac_cv_prog_cc_g=yes
ac_cv_prog_make_make_set=yes
ac_cv_type_size_t=yes
am_cv_CC_dependencies_compiler_type=none
pkg_cv_libglade_CFLAGS='-pthread -I/usr/include/libxml2 -I/usr/include/gtk-2.0 -I/usr/lib/x86_64-linux-gnu/gtk-2.0/include -I/usr/include/gio-unix-2.0/ -I/usr/include/cairo -I/usr/include/pango-1.0 -I/usr/include/atk-1.0 -I/usr/include/cairo -I/usr/include/pixman-1 -I/usr/include/libdrm -I/usr/include/libpng15 -I/usr/include/gdk-pixbuf-2.0 -I/usr/include/libpng15 -I/usr/include/pango-1.0 -I/usr/include/harfbuzz -I/usr/include/pango-1.0 -I/usr/include/glib-2.0 -I/usr/lib/x86_64-linux-gnu/glib-2.0/include -I/usr/include/freetype2 -I/usr/include/libglade-2.0 '
pkg_cv_libglade_LIBS='-lglade-2.0 -lxml2 -lgtk-x11-2.0 -lgdk-x11-2.0 -lpangocairo-1.0 -latk-1.0 -lcairo -lgdk_pixbuf-2.0 -lgio-2.0 -lpangoft2-1.0 -lpango-1.0 -lgobject-2.0 -lglib-2.0 -lfreetype -lfontconfig '

## ----------------- ##
## Output variables. ##
## ----------------- ##

ACLOCAL='${SHELL} /media/build/world/electricsheep/missing --run aclocal-1.10'
AMDEPBACKSLASH='\'
AMDEP_FALSE='#'
AMDEP_TRUE=''
AMTAR='${SHELL} /media/build/world/electricsheep/missing --run tar'
AUTOCONF='${SHELL} /media/build/world/electricsheep/missing --run autoconf'
AUTOHEADER='${SHELL} /media/build/world/electricsheep/missing --run autoheader'
AUTOMAKE='${SHELL} /media/build/world/electricsheep/missing --run automake-1.10'
AWK='gawk'
CC='x86_64-linux-gnu-gcc'
CCDEPMODE='depmode=none'
CFLAGS='-g -O2'
CPP='x86_64-linux-gnu-gcc -E'
CPPFLAGS=''
CYGPATH_W='echo'
DEFS='-DHAVE_CONFIG_H'
DEPDIR='.deps'
ECHO_C=''
ECHO_N='-n'
ECHO_T=''
EGREP='/bin/grep -E'
EXEEXT=''
GREP='/bin/grep'
INSTALL_DATA='${INSTALL} -m 644'
INSTALL_PROGRAM='${INSTALL}'
INSTALL_SCRIPT='${INSTALL}'
INSTALL_STRIP_PROGRAM='$(install_sh) -c -s'
LDFLAGS=''
LIBOBJS=''
LIBS='-lexpat '
LTLIBOBJS=''
MAKEINFO='${SHELL} /media/build/world/electricsheep/missing --run makeinfo'
MKDIR_P='/bin/mkdir -p'
OBJEXT='o'
PACKAGE='electricsheep'
PACKAGE_BUGREPORT=''
PACKAGE_NAME=''
PACKAGE_STRING=''
PACKAGE_TARNAME=''
PACKAGE_VERSION=''
PATH_SEPARATOR=':'
PKG_CONFIG='/usr/bin/pkg-config'
SET_MAKE=''
SHELL='/bin/sh'
STRIP=''
VERSION='2.7b12'
X11_SHARE='/usr/share'
XMKMF=''
X_CFLAGS=''
X_EXTRA_LIBS=''
X_LIBS=''
X_PRE_LIBS=' -lSM -lICE'
ac_ct_CC=''
am__fastdepCC_FALSE=''
am__fastdepCC_TRUE='#'
am__include='include'
am__isrc=''
am__leading_dot='.'
am__quote=''
am__tar='${AMTAR} chof - "$$tardir"'
am__untar='${AMTAR} xf -'
bindir='${exec_prefix}/bin'
build_alias='x86_64-linux-gnu'
datadir='${prefix}/share'
datarootdir='${prefix}/share'
docdir='${datarootdir}/doc/${PACKAGE}'
dvidir='${docdir}'
exec_prefix='${prefix}'
host_alias='x86_64-linux-gnu'
htmldir='${docdir}'
includedir='${prefix}/include'
infodir='${prefix}/share/info'
install_sh='$(SHELL) /media/build/world/electricsheep/install-sh'
libdir='${exec_prefix}/lib'
libexecdir='${exec_prefix}/libexec'
libglade_CFLAGS='-pthread -I/usr/include/libxml2 -I/usr/include/gtk-2.0 -I/usr/lib/x86_64-linux-gnu/gtk-2.0/include -I/usr/include/gio-unix-2.0/ -I/usr/include/cairo -I/usr/include/pango-1.0 -I/usr/include/atk-1.0 -I/usr/include/cairo -I/usr/include/pixman-1 -I/usr/include/libdrm -I/usr/include/libpng15 -I/usr/include/gdk-pixbuf-2.0 -I/usr/include/libpng15 -I/usr/include/pango-1.0 -I/usr/include/harfbuzz -I/usr/include/pango-1.0 -I/usr/include/glib-2.0 -I/usr/lib/x86_64-linux-gnu/glib-2.0/include -I/usr/include/freetype2 -I/usr/include/libglade-2.0 '
libglade_LIBS='-lglade-2.0 -lxml2 -lgtk-x11-2.0 -lgdk-x11-2.0 -lpangocairo-1.0 -latk-1.0 -lcairo -lgdk_pixbuf-2.0 -lgio-2.0 -lpangoft2-1.0 -lpango-1.0 -lgobject-2.0 -lglib-2.0 -lfreetype -lfontconfig '
localedir='${datarootdir}/locale'
localstatedir='${prefix}/var'
mandir='${prefix}/share/man'
mkdir_p='/bin/mkdir -p'
oldincludedir='/usr/include'
pdfdir='${docdir}'
prefix='/usr'
program_transform_name='s,x,x,'
psdir='${docdir}'
sbindir='${exec_prefix}/sbin'
sharedstatedir='${prefix}/com'
sysconfdir='${prefix}/etc'
target_alias=''

## ----------- ##
## confdefs.h. ##
## ----------- ##

#define PACKAGE_NAME ""
#define PACKAGE_TARNAME ""
#define PACKAGE_VERSION ""
#define PACKAGE_STRING ""
#define PACKAGE_BUGREPORT ""
#define PACKAGE "electricsheep"
#define VERSION "2.7b12"
#define STDC_HEADERS 1
#define HAVE_SYS_TYPES_H 1
#define HAVE_SYS_STAT_H 1
#define HAVE_STDLIB_H 1
#define HAVE_STRING_H 1
#define HAVE_MEMORY_H 1
#define HAVE_STRINGS_H 1
#define HAVE_INTTYPES_H 1
#define HAVE_STDINT_H 1
#define HAVE_UNISTD_H 1
#define TIME_WITH_SYS_TIME 1
#define HAVE_SYS_MOUNT_H 1
#define HAVE_SYS_VFS_H 1
#define HAVE_SYS_STATVFS_H 1
#define HAVE_LIBEXPAT 1
#define SETPGRP_VOID 1

configure: exit 0
